0 info it worked if it ends with ok
1 verbose cli [ 'D:\\Program Files\\nodejs\\node.exe',
1 verbose cli   'D:\\Program Files\\nodejs\\node_modules\\npm\\bin\\npm-cli.js',
1 verbose cli   'publish' ]
2 info using npm@3.10.10
3 info using node@v6.9.5
4 verbose publish [ '.' ]
5 silly cache add args [ '.', null ]
6 verbose cache add spec .
7 silly cache add parsed spec Result {
7 silly cache add   raw: '.',
7 silly cache add   scope: null,
7 silly cache add   escapedName: null,
7 silly cache add   name: null,
7 silly cache add   rawSpec: '.',
7 silly cache add   spec: 'D:\\tonyfree\\utils',
7 silly cache add   type: 'directory' }
8 verbose addLocalDirectory C:\Users\admin\AppData\Roaming\npm-cache\qc-utils\1.0.0\package.tgz not in flight; packing
9 verbose correctMkdir C:\Users\admin\AppData\Roaming\npm-cache correctMkdir not in flight; initializing
10 info lifecycle qc-utils@1.0.0~prepublish: qc-utils@1.0.0
11 silly lifecycle qc-utils@1.0.0~prepublish: no script for prepublish, continuing
12 verbose tar pack [ 'C:\\Users\\admin\\AppData\\Roaming\\npm-cache\\qc-utils\\1.0.0\\package.tgz',
12 verbose tar pack   'D:\\tonyfree\\utils' ]
13 verbose tarball C:\Users\admin\AppData\Roaming\npm-cache\qc-utils\1.0.0\package.tgz
14 verbose folder D:\tonyfree\utils
15 verbose addLocalTarball adding from inside cache C:\Users\admin\AppData\Roaming\npm-cache\qc-utils\1.0.0\package.tgz
16 verbose correctMkdir C:\Users\admin\AppData\Roaming\npm-cache correctMkdir not in flight; initializing
17 silly cache afterAdd qc-utils@1.0.0
18 verbose afterAdd C:\Users\admin\AppData\Roaming\npm-cache\qc-utils\1.0.0\package\package.json not in flight; writing
19 verbose correctMkdir C:\Users\admin\AppData\Roaming\npm-cache correctMkdir not in flight; initializing
20 verbose afterAdd C:\Users\admin\AppData\Roaming\npm-cache\qc-utils\1.0.0\package\package.json written
21 silly publish { name: 'qc-utils',
21 silly publish   version: '1.0.0',
21 silly publish   description: 'Utils Class for JavaScript commonly used in work',
21 silly publish   main: 'utils.js',
21 silly publish   scripts: { test: 'echo "Error: no test specified" && exit 1' },
21 silly publish   repository:
21 silly publish    { type: 'git',
21 silly publish      url: 'git+https://github.com/tonyfree/utils.git' },
21 silly publish   keywords: [ 'utils' ],
21 silly publish   author: { name: 'tony' },
21 silly publish   license: 'ISC',
21 silly publish   bugs: { url: 'https://github.com/tonyfree/utils/issues' },
21 silly publish   homepage: 'https://github.com/tonyfree/utils#readme',
21 silly publish   readme: '# utils\r\nUtils Class for JavaScript commonly used in work\r\n\r\n## Install\r\n```\r\n$ npm install --save qc-utils\r\n```\r\n\r\n## Usage\r\n```\r\nimport Utils from \'qc-utils\'\r\n\r\nUtils.setQuery(\'https://www.npmjs.com/~tonyfree\',{\r\n    msg: \'utils class\'\r\n})\r\n// https://www.npmjs.com/~tonyfree?msg=utils class\r\n\r\nUtils.getQuery()\r\n// {msg:\'utils class\'}\r\n```',
21 silly publish   readmeFilename: 'README.md',
21 silly publish   gitHead: '0cb260a7a99ff53c107f0b7784719dbfb24018bc',
21 silly publish   _id: 'qc-utils@1.0.0',
21 silly publish   _shasum: 'c1a361d28fe17b003d8d5c4eae64ae67302d6dbc',
21 silly publish   _from: '.' }
22 verbose getPublishConfig undefined
23 silly mapToRegistry name qc-utils
24 silly mapToRegistry using default registry
25 silly mapToRegistry registry https://registry.npmjs.org/
26 silly mapToRegistry data Result {
26 silly mapToRegistry   raw: 'qc-utils',
26 silly mapToRegistry   scope: null,
26 silly mapToRegistry   escapedName: 'qc-utils',
26 silly mapToRegistry   name: 'qc-utils',
26 silly mapToRegistry   rawSpec: '',
26 silly mapToRegistry   spec: 'latest',
26 silly mapToRegistry   type: 'tag' }
27 silly mapToRegistry uri https://registry.npmjs.org/qc-utils
28 verbose publish registryBase https://registry.npmjs.org/
29 silly publish uploading C:\Users\admin\AppData\Roaming\npm-cache\qc-utils\1.0.0\package.tgz
30 verbose request uri https://registry.npmjs.org/qc-utils
31 verbose request sending authorization for write operation
32 info attempt registry request try #1 at 15:21:01
33 verbose request using bearer token for auth
34 verbose request id b91b155b993b43d5
35 http request PUT https://registry.npmjs.org/qc-utils
36 http 403 https://registry.npmjs.org/qc-utils
37 verbose headers { 'content-type': 'application/json',
37 verbose headers   'cache-control': 'max-age=300',
37 verbose headers   'content-length': '95',
37 verbose headers   'accept-ranges': 'bytes',
37 verbose headers   date: 'Wed, 08 Mar 2017 07:21:05 GMT',
37 verbose headers   via: '1.1 varnish',
37 verbose headers   connection: 'keep-alive',
37 verbose headers   'x-served-by': 'cache-nrt6123-NRT',
37 verbose headers   'x-cache': 'MISS',
37 verbose headers   'x-cache-hits': '0',
37 verbose headers   'x-timer': 'S1488957665.001602,VS0,VE559',
37 verbose headers   vary: 'Accept-Encoding' }
38 verbose request invalidating C:\Users\admin\AppData\Roaming\npm-cache\registry.npmjs.org\qc-utils on PUT
39 error publish Failed PUT 403
40 verbose stack Error: "You cannot publish over the previously published version 1.0.0." : qc-utils
40 verbose stack     at makeError (D:\Program Files\nvm\v6.9.5\node_modules\npm\node_modules\npm-registry-client\lib\request.js:302:12)
40 verbose stack     at CachingRegistryClient.<anonymous> (D:\Program Files\nvm\v6.9.5\node_modules\npm\node_modules\npm-registry-client\lib\request.js:290:14)
40 verbose stack     at Request._callback (D:\Program Files\nvm\v6.9.5\node_modules\npm\node_modules\npm-registry-client\lib\request.js:210:14)
40 verbose stack     at Request.self.callback (D:\Program Files\nvm\v6.9.5\node_modules\npm\node_modules\request\request.js:187:22)
40 verbose stack     at emitTwo (events.js:106:13)
40 verbose stack     at Request.emit (events.js:191:7)
40 verbose stack     at Request.<anonymous> (D:\Program Files\nvm\v6.9.5\node_modules\npm\node_modules\request\request.js:1048:10)
40 verbose stack     at emitOne (events.js:96:13)
40 verbose stack     at Request.emit (events.js:188:7)
40 verbose stack     at IncomingMessage.<anonymous> (D:\Program Files\nvm\v6.9.5\node_modules\npm\node_modules\request\request.js:969:12)
41 verbose statusCode 403
42 verbose pkgid qc-utils
43 verbose cwd D:\tonyfree\utils
44 error Windows_NT 6.1.7601
45 error argv "D:\\Program Files\\nodejs\\node.exe" "D:\\Program Files\\nodejs\\node_modules\\npm\\bin\\npm-cli.js" "publish"
46 error node v6.9.5
47 error npm  v3.10.10
48 error code E403
49 error "You cannot publish over the previously published version 1.0.0." : qc-utils
50 error If you need help, you may report this error at:
50 error     <https://github.com/npm/npm/issues>
51 verbose exit [ 1, true ]
